<?xml version="1.0" encoding="UTF-8"?><testsuite failures="1" name="cucumber.runtime.formatter.JUnitFormatter" skipped="0" tests="5" time="40.513275">
<testcase classname="Enter Only One Data" name="Login with invalid credentials" time="8.982987">
<system-out><![CDATA[Given User is on login page.................................................passed
When Enter invalid email and password from Data Table.......................passed
Then Error message appears..................................................passed
]]></system-out>
</testcase>
<testcase classname="Enter All Values" name="Enter Given data" time="8.680818">
<system-out><![CDATA[Given User has to be on activity information page...........................passed
When Try entering values "active" and "admin"...............................passed
Then Values are entered without any error...................................passed
]]></system-out>
</testcase>
<testcase classname="Enter All Values" name="Enter Given data 2" time="12.42257">
<system-out><![CDATA[Given User has to be on activity information page...........................passed
When Try entering values "away" and "student1"..............................passed
Then Values are entered without any error...................................passed
]]></system-out>
</testcase>
<testcase classname="Enter All Values" name="Enter Given data 3" time="4.880665">
<failure message="org.openqa.selenium.ElementNotVisibleException: element not interactable&#10;  (Session info: chrome=93.0.4577.63)&#10;  (Driver info: chromedriver=2.42.591059 (a3d9684d10d61aa0c45f6723b327283be1ebaad8),platform=Mac OS X 10.16.0 x86_64) (WARNING: The server did not provide any stacktrace information)&#10;Command duration or timeout: 36 milliseconds&#10;Build info: version: '3.0.1', revision: '1969d75', time: '2016-10-18 09:49:13 -0700'&#10;System info: host: 'Danishs-MBP', ip: '192.168.1.173', os.name: 'Mac OS X', os.arch: 'x86_64', os.version: '10.16', java.version: '1.8.0_291'&#10;Driver info: org.openqa.selenium.chrome.ChromeDriver&#10;Capabilities [{mobileEmulationEnabled=false, hasTouchScreen=false, platform=MAC, acceptSslCerts=false, goog:chromeOptions={debuggerAddress=localhost:50640}, acceptInsecureCerts=false, webStorageEnabled=true, browserName=chrome, takesScreenshot=true, javascriptEnabled=true, setWindowRect=true, unexpectedAlertBehaviour=, applicationCacheEnabled=false, rotatable=false, networkConnectionEnabled=false, chrome={chromedriverVersion=2.42.591059 (a3d9684d10d61aa0c45f6723b327283be1ebaad8), userDataDir=/var/folders/6n/jt725dcd73l_wp7s8yn03kv40000gn/T/.org.chromium.Chromium.HRje1Q}, takesHeapSnapshot=true, pageLoadStrategy=normal, databaseEnabled=false, handlesAlerts=true, version=93.0.4577.63, browserConnectionEnabled=false, nativeEvents=true, locationContextEnabled=true, cssSelectorsEnabled=true}]&#10;Session ID: 2b6420d85c9b235e3850258ace9379eb&#10;&#9;at sun.reflect.NativeConstructorAccessorImpl.newInstance0(Native Method)&#10;&#9;at sun.reflect.NativeConstructorAccessorImpl.newInstance(NativeConstructorAccessorImpl.java:62)&#10;&#9;at sun.reflect.DelegatingConstructorAccessorImpl.newInstance(DelegatingConstructorAccessorImpl.java:45)&#10;&#9;at java.lang.reflect.Constructor.newInstance(Constructor.java:423)&#10;&#9;at org.openqa.selenium.remote.ErrorHandler.createThrowable(ErrorHandler.java:216)&#10;&#9;at org.openqa.selenium.remote.ErrorHandler.throwIfResponseFailed(ErrorHandler.java:168)&#10;&#9;at org.openqa.selenium.remote.RemoteWebDriver.execute(RemoteWebDriver.java:635)&#10;&#9;at org.openqa.selenium.remote.RemoteWebElement.execute(RemoteWebElement.java:274)&#10;&#9;at org.openqa.selenium.remote.RemoteWebElement.click(RemoteWebElement.java:84)&#10;&#9;at sun.reflect.NativeMethodAccessorImpl.invoke0(Native Method)&#10;&#9;at sun.reflect.NativeMethodAccessorImpl.invoke(NativeMethodAccessorImpl.java:62)&#10;&#9;at sun.reflect.DelegatingMethodAccessorImpl.invoke(DelegatingMethodAccessorImpl.java:43)&#10;&#9;at java.lang.reflect.Method.invoke(Method.java:498)&#10;&#9;at org.openqa.selenium.support.pagefactory.internal.LocatingElementHandler.invoke(LocatingElementHandler.java:51)&#10;&#9;at com.sun.proxy.$Proxy16.click(Unknown Source)&#10;&#9;at objects.ActivityPage.logIn(ActivityPage.java:33)&#10;&#9;at stepDefinitions.EnterUsingScenerioOutline.user_has_to_be_on_activity_information_page(EnterUsingScenerioOutline.java:19)&#10;&#9;at ✽.Given User has to be on activity information page(enter_using_scenerio_outline.feature:8)&#10;"><![CDATA[Given User has to be on activity information page...........................failed
When Try entering values "sleep" and "student2".............................skipped
Then Values are entered without any error...................................skipped

StackTrace:
org.openqa.selenium.ElementNotVisibleException: element not interactable
  (Session info: chrome=93.0.4577.63)
  (Driver info: chromedriver=2.42.591059 (a3d9684d10d61aa0c45f6723b327283be1ebaad8),platform=Mac OS X 10.16.0 x86_64) (WARNING: The server did not provide any stacktrace information)
Command duration or timeout: 36 milliseconds
Build info: version: '3.0.1', revision: '1969d75', time: '2016-10-18 09:49:13 -0700'
System info: host: 'Danishs-MBP', ip: '192.168.1.173', os.name: 'Mac OS X', os.arch: 'x86_64', os.version: '10.16', java.version: '1.8.0_291'
Driver info: org.openqa.selenium.chrome.ChromeDriver
Capabilities [{mobileEmulationEnabled=false, hasTouchScreen=false, platform=MAC, acceptSslCerts=false, goog:chromeOptions={debuggerAddress=localhost:50640}, acceptInsecureCerts=false, webStorageEnabled=true, browserName=chrome, takesScreenshot=true, javascriptEnabled=true, setWindowRect=true, unexpectedAlertBehaviour=, applicationCacheEnabled=false, rotatable=false, networkConnectionEnabled=false, chrome={chromedriverVersion=2.42.591059 (a3d9684d10d61aa0c45f6723b327283be1ebaad8), userDataDir=/var/folders/6n/jt725dcd73l_wp7s8yn03kv40000gn/T/.org.chromium.Chromium.HRje1Q}, takesHeapSnapshot=true, pageLoadStrategy=normal, databaseEnabled=false, handlesAlerts=true, version=93.0.4577.63, browserConnectionEnabled=false, nativeEvents=true, locationContextEnabled=true, cssSelectorsEnabled=true}]
Session ID: 2b6420d85c9b235e3850258ace9379eb
	at sun.reflect.NativeConstructorAccessorImpl.newInstance0(Native Method)
	at sun.reflect.NativeConstructorAccessorImpl.newInstance(NativeConstructorAccessorImpl.java:62)
	at sun.reflect.DelegatingConstructorAccessorImpl.newInstance(DelegatingConstructorAccessorImpl.java:45)
	at java.lang.reflect.Constructor.newInstance(Constructor.java:423)
	at org.openqa.selenium.remote.ErrorHandler.createThrowable(ErrorHandler.java:216)
	at org.openqa.selenium.remote.ErrorHandler.throwIfResponseFailed(ErrorHandler.java:168)
	at org.openqa.selenium.remote.RemoteWebDriver.execute(RemoteWebDriver.java:635)
	at org.openqa.selenium.remote.RemoteWebElement.execute(RemoteWebElement.java:274)
	at org.openqa.selenium.remote.RemoteWebElement.click(RemoteWebElement.java:84)
	at sun.reflect.NativeMethodAccessorImpl.invoke0(Native Method)
	at sun.reflect.NativeMethodAccessorImpl.invoke(NativeMethodAccessorImpl.java:62)
	at sun.reflect.DelegatingMethodAccessorImpl.invoke(DelegatingMethodAccessorImpl.java:43)
	at java.lang.reflect.Method.invoke(Method.java:498)
	at org.openqa.selenium.support.pagefactory.internal.LocatingElementHandler.invoke(LocatingElementHandler.java:51)
	at com.sun.proxy.$Proxy16.click(Unknown Source)
	at objects.ActivityPage.logIn(ActivityPage.java:33)
	at stepDefinitions.EnterUsingScenerioOutline.user_has_to_be_on_activity_information_page(EnterUsingScenerioOutline.java:19)
	at ✽.Given User has to be on activity information page(enter_using_scenerio_outline.feature:8)
]]></failure>
</testcase>
<testcase classname="Login feature" name="Log in with valid credentials" time="5.546235">
<system-out><![CDATA[Given User need to be on the signin page....................................passed
When Login with valid email and password....................................passed
Then User shall be allowed to login no error message shown..................passed
]]></system-out>
</testcase>
</testsuite>
